21-May-2022 22:22:46.875 INFO [main] org.apache.catalina.startup.VersionLoggerListener.log Server version name:   Apache Tomcat/8.5.78
21-May-2022 22:22:46.961 INFO [main] org.apache.catalina.startup.VersionLoggerListener.log Server built:          Mar 31 2022 16:05:28 UTC
21-May-2022 22:22:46.961 INFO [main] org.apache.catalina.startup.VersionLoggerListener.log Server version number: 8.5.78.0
21-May-2022 22:22:46.961 INFO [main] org.apache.catalina.startup.VersionLoggerListener.log OS Name:               Linux
21-May-2022 22:22:46.961 INFO [main] org.apache.catalina.startup.VersionLoggerListener.log OS Version:            3.10.0-1160.36.2.el7.x86_64
21-May-2022 22:22:46.961 INFO [main] org.apache.catalina.startup.VersionLoggerListener.log Architecture:          amd64
21-May-2022 22:22:46.961 INFO [main] org.apache.catalina.startup.VersionLoggerListener.log Java Home:             /home/jdk1.8.0_301/jre
21-May-2022 22:22:46.961 INFO [main] org.apache.catalina.startup.VersionLoggerListener.log JVM Version:           1.8.0_301-b09
21-May-2022 22:22:46.961 INFO [main] org.apache.catalina.startup.VersionLoggerListener.log JVM Vendor:            Oracle Corporation
21-May-2022 22:22:46.961 INFO [main] org.apache.catalina.startup.VersionLoggerListener.log CATALINA_BASE:         /home/tomcat/apache-tomcat-8.5.78
21-May-2022 22:22:46.961 INFO [main] org.apache.catalina.startup.VersionLoggerListener.log CATALINA_HOME:         /home/tomcat/apache-tomcat-8.5.78
21-May-2022 22:22:46.961 INFO [main] org.apache.catalina.startup.VersionLoggerListener.log Command line argument: -Djava.util.logging.config.file=/home/tomcat/apache-tomcat-8.5.78/conf/logging.properties
21-May-2022 22:22:46.962 INFO [main] org.apache.catalina.startup.VersionLoggerListener.log Command line argument: -Djava.util.logging.manager=org.apache.juli.ClassLoaderLogManager
21-May-2022 22:22:46.962 INFO [main] org.apache.catalina.startup.VersionLoggerListener.log Command line argument: -Djdk.tls.ephemeralDHKeySize=2048
21-May-2022 22:22:46.962 INFO [main] org.apache.catalina.startup.VersionLoggerListener.log Command line argument: -Djava.protocol.handler.pkgs=org.apache.catalina.webresources
21-May-2022 22:22:46.962 INFO [main] org.apache.catalina.startup.VersionLoggerListener.log Command line argument: -Dorg.apache.catalina.security.SecurityListener.UMASK=0027
21-May-2022 22:22:46.962 INFO [main] org.apache.catalina.startup.VersionLoggerListener.log Command line argument: -Dignore.endorsed.dirs=
21-May-2022 22:22:46.962 INFO [main] org.apache.catalina.startup.VersionLoggerListener.log Command line argument: -Dcatalina.base=/home/tomcat/apache-tomcat-8.5.78
21-May-2022 22:22:46.962 INFO [main] org.apache.catalina.startup.VersionLoggerListener.log Command line argument: -Dcatalina.home=/home/tomcat/apache-tomcat-8.5.78
21-May-2022 22:22:46.962 INFO [main] org.apache.catalina.startup.VersionLoggerListener.log Command line argument: -Djava.io.tmpdir=/home/tomcat/apache-tomcat-8.5.78/temp
21-May-2022 22:22:46.962 INFO [main] org.apache.catalina.core.AprLifecycleListener.lifecycleEvent The Apache Tomcat Native library which allows using OpenSSL was not found on the java.library.path: [/usr/java/packages/lib/amd64:/usr/lib64:/lib64:/lib:/usr/lib]
21-May-2022 22:22:47.605 INFO [main] org.apache.coyote.AbstractProtocol.init Initializing ProtocolHandler ["http-nio-8080"]
21-May-2022 22:22:47.702 INFO [main] org.apache.catalina.startup.Catalina.load Initialization processed in 1739 ms
21-May-2022 22:22:47.819 INFO [main] org.apache.catalina.core.StandardService.startInternal Starting service [Catalina]
21-May-2022 22:22:47.819 INFO [main] org.apache.catalina.core.StandardEngine.startInternal Starting Servlet engine: [Apache Tomcat/8.5.78]
21-May-2022 22:22:47.887 INFO [jspsvr-startStop-1] org.apache.catalina.startup.HostConfig.deployWAR Deploying web application archive [/home/tomcat/apache-tomcat-8.5.78/webapps/warDeploy.war]
21-May-2022 22:22:48.162 INFO [jspsvr-startStop-1] org.apache.catalina.startup.HostConfig.deployWAR Deployment of web application archive [/home/tomcat/apache-tomcat-8.5.78/webapps/warDeploy.war] has finished in [274] ms
21-May-2022 22:22:48.172 INFO [jspsvr-startStop-1] org.apache.catalina.startup.HostConfig.deployDirectory Deploying web application directory [/home/tomcat/apache-tomcat-8.5.78/webapps/ROOT]
21-May-2022 22:22:48.208 INFO [jspsvr-startStop-1] org.apache.catalina.startup.HostConfig.deployDirectory Deployment of web application directory [/home/tomcat/apache-tomcat-8.5.78/webapps/ROOT] has finished in [45] ms
21-May-2022 22:22:48.209 INFO [jspsvr-startStop-1] org.apache.catalina.startup.HostConfig.deployDirectory Deploying web application directory [/home/tomcat/apache-tomcat-8.5.78/webapps/docs]
21-May-2022 22:22:48.256 INFO [jspsvr-startStop-1] org.apache.catalina.startup.HostConfig.deployDirectory Deployment of web application directory [/home/tomcat/apache-tomcat-8.5.78/webapps/docs] has finished in [47] ms
21-May-2022 22:22:48.257 INFO [jspsvr-startStop-1] org.apache.catalina.startup.HostConfig.deployDirectory Deploying web application directory [/home/tomcat/apache-tomcat-8.5.78/webapps/examples]
21-May-2022 22:22:48.575 INFO [jspsvr-startStop-1] org.apache.catalina.core.ApplicationContext.log ContextListener: contextInitialized()
21-May-2022 22:22:48.575 INFO [jspsvr-startStop-1] org.apache.catalina.core.ApplicationContext.log SessionListener: contextInitialized()
21-May-2022 22:22:48.576 INFO [jspsvr-startStop-1] org.apache.catalina.core.ApplicationContext.log ContextListener: attributeAdded('StockTicker', 'async.Stockticker@64c80b79')
21-May-2022 22:22:48.581 INFO [jspsvr-startStop-1] org.apache.catalina.startup.HostConfig.deployDirectory Deployment of web application directory [/home/tomcat/apache-tomcat-8.5.78/webapps/examples] has finished in [324] ms
21-May-2022 22:22:48.581 INFO [jspsvr-startStop-1] org.apache.catalina.startup.HostConfig.deployDirectory Deploying web application directory [/home/tomcat/apache-tomcat-8.5.78/webapps/host-manager]
21-May-2022 22:22:48.615 INFO [jspsvr-startStop-1] org.apache.catalina.startup.HostConfig.deployDirectory Deployment of web application directory [/home/tomcat/apache-tomcat-8.5.78/webapps/host-manager] has finished in [34] ms
21-May-2022 22:22:48.615 INFO [jspsvr-startStop-1] org.apache.catalina.startup.HostConfig.deployDirectory Deploying web application directory [/home/tomcat/apache-tomcat-8.5.78/webapps/manager]
21-May-2022 22:22:48.633 INFO [jspsvr-startStop-1] org.apache.catalina.startup.HostConfig.deployDirectory Deployment of web application directory [/home/tomcat/apache-tomcat-8.5.78/webapps/manager] has finished in [18] ms
21-May-2022 22:22:48.633 INFO [jspsvr-startStop-1] org.apache.catalina.startup.HostConfig.deployDirectory Deploying web application directory [/home/tomcat/apache-tomcat-8.5.78/webapps/src]
21-May-2022 22:22:48.646 INFO [jspsvr-startStop-1] org.apache.catalina.startup.HostConfig.deployDirectory Deployment of web application directory [/home/tomcat/apache-tomcat-8.5.78/webapps/src] has finished in [13] ms
21-May-2022 22:22:48.651 INFO [main] org.apache.coyote.AbstractProtocol.start Starting ProtocolHandler ["http-nio-8080"]
21-May-2022 22:22:48.680 INFO [main] org.apache.catalina.startup.Catalina.start Server startup in 977 ms
