15-May-2022 15:04:07.829 INFO [main] org.apache.catalina.startup.VersionLoggerListener.log Server version name:   Apache Tomcat/8.5.78
15-May-2022 15:04:07.966 INFO [main] org.apache.catalina.startup.VersionLoggerListener.log Server built:          Mar 31 2022 16:05:28 UTC
15-May-2022 15:04:07.966 INFO [main] org.apache.catalina.startup.VersionLoggerListener.log Server version number: 8.5.78.0
15-May-2022 15:04:07.966 INFO [main] org.apache.catalina.startup.VersionLoggerListener.log OS Name:               Linux
15-May-2022 15:04:07.966 INFO [main] org.apache.catalina.startup.VersionLoggerListener.log OS Version:            3.10.0-1160.36.2.el7.x86_64
15-May-2022 15:04:07.966 INFO [main] org.apache.catalina.startup.VersionLoggerListener.log Architecture:          amd64
15-May-2022 15:04:07.966 INFO [main] org.apache.catalina.startup.VersionLoggerListener.log Java Home:             /home/jdk1.8.0_301/jre
15-May-2022 15:04:07.966 INFO [main] org.apache.catalina.startup.VersionLoggerListener.log JVM Version:           1.8.0_301-b09
15-May-2022 15:04:07.967 INFO [main] org.apache.catalina.startup.VersionLoggerListener.log JVM Vendor:            Oracle Corporation
15-May-2022 15:04:07.967 INFO [main] org.apache.catalina.startup.VersionLoggerListener.log CATALINA_BASE:         /home/tomcat/apache-tomcat-8.5.78
15-May-2022 15:04:07.967 INFO [main] org.apache.catalina.startup.VersionLoggerListener.log CATALINA_HOME:         /home/tomcat/apache-tomcat-8.5.78
15-May-2022 15:04:07.967 INFO [main] org.apache.catalina.startup.VersionLoggerListener.log Command line argument: -Djava.util.logging.config.file=/home/tomcat/apache-tomcat-8.5.78/conf/logging.properties
15-May-2022 15:04:07.968 INFO [main] org.apache.catalina.startup.VersionLoggerListener.log Command line argument: -Djava.util.logging.manager=org.apache.juli.ClassLoaderLogManager
15-May-2022 15:04:07.968 INFO [main] org.apache.catalina.startup.VersionLoggerListener.log Command line argument: -Djdk.tls.ephemeralDHKeySize=2048
15-May-2022 15:04:07.968 INFO [main] org.apache.catalina.startup.VersionLoggerListener.log Command line argument: -Djava.protocol.handler.pkgs=org.apache.catalina.webresources
15-May-2022 15:04:07.968 INFO [main] org.apache.catalina.startup.VersionLoggerListener.log Command line argument: -Dorg.apache.catalina.security.SecurityListener.UMASK=0027
15-May-2022 15:04:07.968 INFO [main] org.apache.catalina.startup.VersionLoggerListener.log Command line argument: -Dignore.endorsed.dirs=
15-May-2022 15:04:07.968 INFO [main] org.apache.catalina.startup.VersionLoggerListener.log Command line argument: -Dcatalina.base=/home/tomcat/apache-tomcat-8.5.78
15-May-2022 15:04:07.968 INFO [main] org.apache.catalina.startup.VersionLoggerListener.log Command line argument: -Dcatalina.home=/home/tomcat/apache-tomcat-8.5.78
15-May-2022 15:04:07.968 INFO [main] org.apache.catalina.startup.VersionLoggerListener.log Command line argument: -Djava.io.tmpdir=/home/tomcat/apache-tomcat-8.5.78/temp
15-May-2022 15:04:07.969 INFO [main] org.apache.catalina.core.AprLifecycleListener.lifecycleEvent The Apache Tomcat Native library which allows using OpenSSL was not found on the java.library.path: [/usr/java/packages/lib/amd64:/usr/lib64:/lib64:/lib:/usr/lib]
15-May-2022 15:04:09.178 INFO [main] org.apache.coyote.AbstractProtocol.init Initializing ProtocolHandler ["http-nio-8080"]
15-May-2022 15:04:09.215 INFO [main] org.apache.catalina.startup.Catalina.load Initialization processed in 3176 ms
15-May-2022 15:04:09.358 INFO [main] org.apache.catalina.core.StandardService.startInternal Starting service [Catalina]
15-May-2022 15:04:09.358 INFO [main] org.apache.catalina.core.StandardEngine.startInternal Starting Servlet engine: [Apache Tomcat/8.5.78]
15-May-2022 15:04:09.395 INFO [localhost-startStop-1] org.apache.catalina.startup.HostConfig.deployDirectory Deploying web application directory [/home/tomcat/apache-tomcat-8.5.78/webapps/ROOT]
15-May-2022 15:04:09.765 INFO [localhost-startStop-1] org.apache.catalina.startup.HostConfig.deployDirectory Deployment of web application directory [/home/tomcat/apache-tomcat-8.5.78/webapps/ROOT] has finished in [367] ms
15-May-2022 15:04:09.766 INFO [localhost-startStop-1] org.apache.catalina.startup.HostConfig.deployDirectory Deploying web application directory [/home/tomcat/apache-tomcat-8.5.78/webapps/docs]
15-May-2022 15:04:09.786 INFO [localhost-startStop-1] org.apache.catalina.startup.HostConfig.deployDirectory Deployment of web application directory [/home/tomcat/apache-tomcat-8.5.78/webapps/docs] has finished in [20] ms
15-May-2022 15:04:09.786 INFO [localhost-startStop-1] org.apache.catalina.startup.HostConfig.deployDirectory Deploying web application directory [/home/tomcat/apache-tomcat-8.5.78/webapps/examples]
15-May-2022 15:04:10.131 INFO [localhost-startStop-1] org.apache.catalina.startup.HostConfig.deployDirectory Deployment of web application directory [/home/tomcat/apache-tomcat-8.5.78/webapps/examples] has finished in [344] ms
15-May-2022 15:04:10.131 INFO [localhost-startStop-1] org.apache.catalina.startup.HostConfig.deployDirectory Deploying web application directory [/home/tomcat/apache-tomcat-8.5.78/webapps/host-manager]
15-May-2022 15:04:10.155 INFO [localhost-startStop-1] org.apache.catalina.startup.HostConfig.deployDirectory Deployment of web application directory [/home/tomcat/apache-tomcat-8.5.78/webapps/host-manager] has finished in [24] ms
15-May-2022 15:04:10.155 INFO [localhost-startStop-1] org.apache.catalina.startup.HostConfig.deployDirectory Deploying web application directory [/home/tomcat/apache-tomcat-8.5.78/webapps/manager]
15-May-2022 15:04:10.165 INFO [localhost-startStop-1] org.apache.catalina.startup.HostConfig.deployDirectory Deployment of web application directory [/home/tomcat/apache-tomcat-8.5.78/webapps/manager] has finished in [10] ms
15-May-2022 15:04:10.166 INFO [localhost-startStop-1] org.apache.catalina.startup.HostConfig.deployDirectory Deploying web application directory [/home/tomcat/apache-tomcat-8.5.78/webapps/src]
15-May-2022 15:04:10.206 INFO [localhost-startStop-1] org.apache.catalina.startup.HostConfig.deployDirectory Deployment of web application directory [/home/tomcat/apache-tomcat-8.5.78/webapps/src] has finished in [41] ms
15-May-2022 15:04:10.218 INFO [main] org.apache.coyote.AbstractProtocol.start Starting ProtocolHandler ["http-nio-8080"]
15-May-2022 15:04:10.229 INFO [main] org.apache.catalina.startup.Catalina.start Server startup in 1013 ms
