08-May-2022 16:34:36.450 INFO [main] org.apache.catalina.startup.VersionLoggerListener.log Server version name:   Apache Tomcat/8.5.78
08-May-2022 16:34:36.547 INFO [main] org.apache.catalina.startup.VersionLoggerListener.log Server built:          Mar 31 2022 16:05:28 UTC
08-May-2022 16:34:36.547 INFO [main] org.apache.catalina.startup.VersionLoggerListener.log Server version number: 8.5.78.0
08-May-2022 16:34:36.547 INFO [main] org.apache.catalina.startup.VersionLoggerListener.log OS Name:               Linux
08-May-2022 16:34:36.547 INFO [main] org.apache.catalina.startup.VersionLoggerListener.log OS Version:            3.10.0-1160.36.2.el7.x86_64
08-May-2022 16:34:36.547 INFO [main] org.apache.catalina.startup.VersionLoggerListener.log Architecture:          amd64
08-May-2022 16:34:36.547 INFO [main] org.apache.catalina.startup.VersionLoggerListener.log Java Home:             /home/jdk1.8.0_301/jre
08-May-2022 16:34:36.547 INFO [main] org.apache.catalina.startup.VersionLoggerListener.log JVM Version:           1.8.0_301-b09
08-May-2022 16:34:36.547 INFO [main] org.apache.catalina.startup.VersionLoggerListener.log JVM Vendor:            Oracle Corporation
08-May-2022 16:34:36.547 INFO [main] org.apache.catalina.startup.VersionLoggerListener.log CATALINA_BASE:         /home/tomcat/apache-tomcat-8.5.78
08-May-2022 16:34:36.547 INFO [main] org.apache.catalina.startup.VersionLoggerListener.log CATALINA_HOME:         /home/tomcat/apache-tomcat-8.5.78
08-May-2022 16:34:36.548 INFO [main] org.apache.catalina.startup.VersionLoggerListener.log Command line argument: -Djava.util.logging.config.file=/home/tomcat/apache-tomcat-8.5.78/conf/logging.properties
08-May-2022 16:34:36.548 INFO [main] org.apache.catalina.startup.VersionLoggerListener.log Command line argument: -Djava.util.logging.manager=org.apache.juli.ClassLoaderLogManager
08-May-2022 16:34:36.548 INFO [main] org.apache.catalina.startup.VersionLoggerListener.log Command line argument: -Djdk.tls.ephemeralDHKeySize=2048
08-May-2022 16:34:36.548 INFO [main] org.apache.catalina.startup.VersionLoggerListener.log Command line argument: -Djava.protocol.handler.pkgs=org.apache.catalina.webresources
08-May-2022 16:34:36.548 INFO [main] org.apache.catalina.startup.VersionLoggerListener.log Command line argument: -Dorg.apache.catalina.security.SecurityListener.UMASK=0027
08-May-2022 16:34:36.548 INFO [main] org.apache.catalina.startup.VersionLoggerListener.log Command line argument: -Dignore.endorsed.dirs=
08-May-2022 16:34:36.548 INFO [main] org.apache.catalina.startup.VersionLoggerListener.log Command line argument: -Dcatalina.base=/home/tomcat/apache-tomcat-8.5.78
08-May-2022 16:34:36.548 INFO [main] org.apache.catalina.startup.VersionLoggerListener.log Command line argument: -Dcatalina.home=/home/tomcat/apache-tomcat-8.5.78
08-May-2022 16:34:36.548 INFO [main] org.apache.catalina.startup.VersionLoggerListener.log Command line argument: -Djava.io.tmpdir=/home/tomcat/apache-tomcat-8.5.78/temp
08-May-2022 16:34:36.548 INFO [main] org.apache.catalina.core.AprLifecycleListener.lifecycleEvent The Apache Tomcat Native library which allows using OpenSSL was not found on the java.library.path: [/usr/java/packages/lib/amd64:/usr/lib64:/lib64:/lib:/usr/lib]
08-May-2022 16:34:37.386 INFO [main] org.apache.coyote.AbstractProtocol.init Initializing ProtocolHandler ["http-nio-8080"]
08-May-2022 16:34:37.423 INFO [main] org.apache.catalina.startup.Catalina.load Initialization processed in 2198 ms
08-May-2022 16:34:37.578 INFO [main] org.apache.catalina.core.StandardService.startInternal Starting service [Catalina]
08-May-2022 16:34:37.578 INFO [main] org.apache.catalina.core.StandardEngine.startInternal Starting Servlet engine: [Apache Tomcat/8.5.78]
08-May-2022 16:34:37.604 INFO [localhost-startStop-1] org.apache.catalina.startup.HostConfig.deployDirectory Deploying web application directory [/home/tomcat/apache-tomcat-8.5.78/webapps/ROOT]
08-May-2022 16:34:37.924 INFO [localhost-startStop-1] org.apache.catalina.startup.HostConfig.deployDirectory Deployment of web application directory [/home/tomcat/apache-tomcat-8.5.78/webapps/ROOT] has finished in [320] ms
08-May-2022 16:34:37.924 INFO [localhost-startStop-1] org.apache.catalina.startup.HostConfig.deployDirectory Deploying web application directory [/home/tomcat/apache-tomcat-8.5.78/webapps/docs]
08-May-2022 16:34:37.951 INFO [localhost-startStop-1] org.apache.catalina.startup.HostConfig.deployDirectory Deployment of web application directory [/home/tomcat/apache-tomcat-8.5.78/webapps/docs] has finished in [27] ms
08-May-2022 16:34:37.952 INFO [localhost-startStop-1] org.apache.catalina.startup.HostConfig.deployDirectory Deploying web application directory [/home/tomcat/apache-tomcat-8.5.78/webapps/examples]
08-May-2022 16:34:38.480 INFO [localhost-startStop-1] org.apache.catalina.startup.HostConfig.deployDirectory Deployment of web application directory [/home/tomcat/apache-tomcat-8.5.78/webapps/examples] has finished in [528] ms
08-May-2022 16:34:38.480 INFO [localhost-startStop-1] org.apache.catalina.startup.HostConfig.deployDirectory Deploying web application directory [/home/tomcat/apache-tomcat-8.5.78/webapps/host-manager]
08-May-2022 16:34:38.516 INFO [localhost-startStop-1] org.apache.catalina.startup.HostConfig.deployDirectory Deployment of web application directory [/home/tomcat/apache-tomcat-8.5.78/webapps/host-manager] has finished in [36] ms
08-May-2022 16:34:38.516 INFO [localhost-startStop-1] org.apache.catalina.startup.HostConfig.deployDirectory Deploying web application directory [/home/tomcat/apache-tomcat-8.5.78/webapps/manager]
08-May-2022 16:34:38.543 INFO [localhost-startStop-1] org.apache.catalina.startup.HostConfig.deployDirectory Deployment of web application directory [/home/tomcat/apache-tomcat-8.5.78/webapps/manager] has finished in [27] ms
08-May-2022 16:34:38.543 INFO [localhost-startStop-1] org.apache.catalina.startup.HostConfig.deployDirectory Deploying web application directory [/home/tomcat/apache-tomcat-8.5.78/webapps/src]
08-May-2022 16:34:38.631 INFO [localhost-startStop-1] org.apache.catalina.startup.HostConfig.deployDirectory Deployment of web application directory [/home/tomcat/apache-tomcat-8.5.78/webapps/src] has finished in [88] ms
08-May-2022 16:34:38.642 INFO [main] org.apache.coyote.AbstractProtocol.start Starting ProtocolHandler ["http-nio-8080"]
08-May-2022 16:34:38.688 INFO [main] org.apache.catalina.startup.Catalina.start Server startup in 1264 ms
