05-Jun-2022 10:14:48.324 INFO [main] org.apache.catalina.startup.VersionLoggerListener.log Server version name:   Apache Tomcat/8.5.78
05-Jun-2022 10:14:48.395 INFO [main] org.apache.catalina.startup.VersionLoggerListener.log Server built:          Mar 31 2022 16:05:28 UTC
05-Jun-2022 10:14:48.395 INFO [main] org.apache.catalina.startup.VersionLoggerListener.log Server version number: 8.5.78.0
05-Jun-2022 10:14:48.395 INFO [main] org.apache.catalina.startup.VersionLoggerListener.log OS Name:               Linux
05-Jun-2022 10:14:48.395 INFO [main] org.apache.catalina.startup.VersionLoggerListener.log OS Version:            3.10.0-1160.36.2.el7.x86_64
05-Jun-2022 10:14:48.396 INFO [main] org.apache.catalina.startup.VersionLoggerListener.log Architecture:          amd64
05-Jun-2022 10:14:48.396 INFO [main] org.apache.catalina.startup.VersionLoggerListener.log Java Home:             /home/jdk1.8.0_301/jre
05-Jun-2022 10:14:48.396 INFO [main] org.apache.catalina.startup.VersionLoggerListener.log JVM Version:           1.8.0_301-b09
05-Jun-2022 10:14:48.396 INFO [main] org.apache.catalina.startup.VersionLoggerListener.log JVM Vendor:            Oracle Corporation
05-Jun-2022 10:14:48.396 INFO [main] org.apache.catalina.startup.VersionLoggerListener.log CATALINA_BASE:         /home/tomcat/apache-tomcat-8.5.78
05-Jun-2022 10:14:48.396 INFO [main] org.apache.catalina.startup.VersionLoggerListener.log CATALINA_HOME:         /home/tomcat/apache-tomcat-8.5.78
05-Jun-2022 10:14:48.396 INFO [main] org.apache.catalina.startup.VersionLoggerListener.log Command line argument: -Djava.util.logging.config.file=/home/tomcat/apache-tomcat-8.5.78/conf/logging.properties
05-Jun-2022 10:14:48.396 INFO [main] org.apache.catalina.startup.VersionLoggerListener.log Command line argument: -Djava.util.logging.manager=org.apache.juli.ClassLoaderLogManager
05-Jun-2022 10:14:48.396 INFO [main] org.apache.catalina.startup.VersionLoggerListener.log Command line argument: -Djdk.tls.ephemeralDHKeySize=2048
05-Jun-2022 10:14:48.396 INFO [main] org.apache.catalina.startup.VersionLoggerListener.log Command line argument: -Djava.protocol.handler.pkgs=org.apache.catalina.webresources
05-Jun-2022 10:14:48.396 INFO [main] org.apache.catalina.startup.VersionLoggerListener.log Command line argument: -Dorg.apache.catalina.security.SecurityListener.UMASK=0027
05-Jun-2022 10:14:48.396 INFO [main] org.apache.catalina.startup.VersionLoggerListener.log Command line argument: -Dignore.endorsed.dirs=
05-Jun-2022 10:14:48.396 INFO [main] org.apache.catalina.startup.VersionLoggerListener.log Command line argument: -Dcatalina.base=/home/tomcat/apache-tomcat-8.5.78
05-Jun-2022 10:14:48.397 INFO [main] org.apache.catalina.startup.VersionLoggerListener.log Command line argument: -Dcatalina.home=/home/tomcat/apache-tomcat-8.5.78
05-Jun-2022 10:14:48.397 INFO [main] org.apache.catalina.startup.VersionLoggerListener.log Command line argument: -Djava.io.tmpdir=/home/tomcat/apache-tomcat-8.5.78/temp
05-Jun-2022 10:14:48.397 INFO [main] org.apache.catalina.core.AprLifecycleListener.lifecycleEvent The Apache Tomcat Native library which allows using OpenSSL was not found on the java.library.path: [/usr/java/packages/lib/amd64:/usr/lib64:/lib64:/lib:/usr/lib]
05-Jun-2022 10:14:49.008 INFO [main] org.apache.coyote.AbstractProtocol.init Initializing ProtocolHandler ["http-nio-8080"]
05-Jun-2022 10:14:49.080 INFO [main] org.apache.catalina.startup.Catalina.load Initialization processed in 1656 ms
05-Jun-2022 10:14:49.197 INFO [main] org.apache.catalina.core.StandardService.startInternal Starting service [Catalina]
05-Jun-2022 10:14:49.197 INFO [main] org.apache.catalina.core.StandardEngine.startInternal Starting Servlet engine: [Apache Tomcat/8.5.78]
05-Jun-2022 10:14:49.265 INFO [jspsvr-startStop-1] org.apache.catalina.startup.HostConfig.deployWAR Deploying web application archive [/home/tomcat/apache-tomcat-8.5.78/webapps/warDeploy.war]
05-Jun-2022 10:14:49.543 INFO [jspsvr-startStop-1] org.apache.catalina.startup.HostConfig.deployWAR Deployment of web application archive [/home/tomcat/apache-tomcat-8.5.78/webapps/warDeploy.war] has finished in [277] ms
05-Jun-2022 10:14:49.553 INFO [jspsvr-startStop-1] org.apache.catalina.startup.HostConfig.deployDirectory Deploying web application directory [/home/tomcat/apache-tomcat-8.5.78/webapps/ROOT]
05-Jun-2022 10:14:49.587 INFO [jspsvr-startStop-1] org.apache.catalina.startup.HostConfig.deployDirectory Deployment of web application directory [/home/tomcat/apache-tomcat-8.5.78/webapps/ROOT] has finished in [43] ms
05-Jun-2022 10:14:49.587 INFO [jspsvr-startStop-1] org.apache.catalina.startup.HostConfig.deployDirectory Deploying web application directory [/home/tomcat/apache-tomcat-8.5.78/webapps/docs]
05-Jun-2022 10:14:49.635 INFO [jspsvr-startStop-1] org.apache.catalina.startup.HostConfig.deployDirectory Deployment of web application directory [/home/tomcat/apache-tomcat-8.5.78/webapps/docs] has finished in [48] ms
05-Jun-2022 10:14:49.635 INFO [jspsvr-startStop-1] org.apache.catalina.startup.HostConfig.deployDirectory Deploying web application directory [/home/tomcat/apache-tomcat-8.5.78/webapps/examples]
05-Jun-2022 10:14:49.981 INFO [jspsvr-startStop-1] org.apache.catalina.core.ApplicationContext.log ContextListener: contextInitialized()
05-Jun-2022 10:14:49.981 INFO [jspsvr-startStop-1] org.apache.catalina.core.ApplicationContext.log SessionListener: contextInitialized()
05-Jun-2022 10:14:49.982 INFO [jspsvr-startStop-1] org.apache.catalina.core.ApplicationContext.log ContextListener: attributeAdded('StockTicker', 'async.Stockticker@64c80b79')
05-Jun-2022 10:14:49.987 INFO [jspsvr-startStop-1] org.apache.catalina.startup.HostConfig.deployDirectory Deployment of web application directory [/home/tomcat/apache-tomcat-8.5.78/webapps/examples] has finished in [352] ms
05-Jun-2022 10:14:49.987 INFO [jspsvr-startStop-1] org.apache.catalina.startup.HostConfig.deployDirectory Deploying web application directory [/home/tomcat/apache-tomcat-8.5.78/webapps/host-manager]
05-Jun-2022 10:14:50.018 INFO [jspsvr-startStop-1] org.apache.catalina.startup.HostConfig.deployDirectory Deployment of web application directory [/home/tomcat/apache-tomcat-8.5.78/webapps/host-manager] has finished in [31] ms
05-Jun-2022 10:14:50.019 INFO [jspsvr-startStop-1] org.apache.catalina.startup.HostConfig.deployDirectory Deploying web application directory [/home/tomcat/apache-tomcat-8.5.78/webapps/manager]
05-Jun-2022 10:14:50.037 INFO [jspsvr-startStop-1] org.apache.catalina.startup.HostConfig.deployDirectory Deployment of web application directory [/home/tomcat/apache-tomcat-8.5.78/webapps/manager] has finished in [18] ms
05-Jun-2022 10:14:50.038 INFO [jspsvr-startStop-1] org.apache.catalina.startup.HostConfig.deployDirectory Deploying web application directory [/home/tomcat/apache-tomcat-8.5.78/webapps/src]
05-Jun-2022 10:14:50.051 INFO [jspsvr-startStop-1] org.apache.catalina.startup.HostConfig.deployDirectory Deployment of web application directory [/home/tomcat/apache-tomcat-8.5.78/webapps/src] has finished in [13] ms
05-Jun-2022 10:14:50.053 INFO [main] org.apache.coyote.AbstractProtocol.start Starting ProtocolHandler ["http-nio-8080"]
05-Jun-2022 10:14:50.099 INFO [main] org.apache.catalina.startup.Catalina.start Server startup in 1018 ms
