18-May-2022 22:57:08.524 INFO [main] org.apache.catalina.startup.VersionLoggerListener.log Server version name:   Apache Tomcat/8.5.78
18-May-2022 22:57:08.594 INFO [main] org.apache.catalina.startup.VersionLoggerListener.log Server built:          Mar 31 2022 16:05:28 UTC
18-May-2022 22:57:08.594 INFO [main] org.apache.catalina.startup.VersionLoggerListener.log Server version number: 8.5.78.0
18-May-2022 22:57:08.594 INFO [main] org.apache.catalina.startup.VersionLoggerListener.log OS Name:               Linux
18-May-2022 22:57:08.594 INFO [main] org.apache.catalina.startup.VersionLoggerListener.log OS Version:            3.10.0-1160.36.2.el7.x86_64
18-May-2022 22:57:08.594 INFO [main] org.apache.catalina.startup.VersionLoggerListener.log Architecture:          amd64
18-May-2022 22:57:08.595 INFO [main] org.apache.catalina.startup.VersionLoggerListener.log Java Home:             /home/jdk1.8.0_301/jre
18-May-2022 22:57:08.595 INFO [main] org.apache.catalina.startup.VersionLoggerListener.log JVM Version:           1.8.0_301-b09
18-May-2022 22:57:08.595 INFO [main] org.apache.catalina.startup.VersionLoggerListener.log JVM Vendor:            Oracle Corporation
18-May-2022 22:57:08.595 INFO [main] org.apache.catalina.startup.VersionLoggerListener.log CATALINA_BASE:         /home/tomcat/apache-tomcat-8.5.78
18-May-2022 22:57:08.595 INFO [main] org.apache.catalina.startup.VersionLoggerListener.log CATALINA_HOME:         /home/tomcat/apache-tomcat-8.5.78
18-May-2022 22:57:08.595 INFO [main] org.apache.catalina.startup.VersionLoggerListener.log Command line argument: -Djava.util.logging.config.file=/home/tomcat/apache-tomcat-8.5.78/conf/logging.properties
18-May-2022 22:57:08.595 INFO [main] org.apache.catalina.startup.VersionLoggerListener.log Command line argument: -Djava.util.logging.manager=org.apache.juli.ClassLoaderLogManager
18-May-2022 22:57:08.595 INFO [main] org.apache.catalina.startup.VersionLoggerListener.log Command line argument: -Djdk.tls.ephemeralDHKeySize=2048
18-May-2022 22:57:08.596 INFO [main] org.apache.catalina.startup.VersionLoggerListener.log Command line argument: -Djava.protocol.handler.pkgs=org.apache.catalina.webresources
18-May-2022 22:57:08.596 INFO [main] org.apache.catalina.startup.VersionLoggerListener.log Command line argument: -Dorg.apache.catalina.security.SecurityListener.UMASK=0027
18-May-2022 22:57:08.596 INFO [main] org.apache.catalina.startup.VersionLoggerListener.log Command line argument: -Dignore.endorsed.dirs=
18-May-2022 22:57:08.596 INFO [main] org.apache.catalina.startup.VersionLoggerListener.log Command line argument: -Dcatalina.base=/home/tomcat/apache-tomcat-8.5.78
18-May-2022 22:57:08.596 INFO [main] org.apache.catalina.startup.VersionLoggerListener.log Command line argument: -Dcatalina.home=/home/tomcat/apache-tomcat-8.5.78
18-May-2022 22:57:08.596 INFO [main] org.apache.catalina.startup.VersionLoggerListener.log Command line argument: -Djava.io.tmpdir=/home/tomcat/apache-tomcat-8.5.78/temp
18-May-2022 22:57:08.596 INFO [main] org.apache.catalina.core.AprLifecycleListener.lifecycleEvent The Apache Tomcat Native library which allows using OpenSSL was not found on the java.library.path: [/usr/java/packages/lib/amd64:/usr/lib64:/lib64:/lib:/usr/lib]
18-May-2022 22:57:09.236 INFO [main] org.apache.coyote.AbstractProtocol.init Initializing ProtocolHandler ["http-nio-8080"]
18-May-2022 22:57:09.348 INFO [main] org.apache.catalina.startup.Catalina.load Initialization processed in 1673 ms
18-May-2022 22:57:09.465 INFO [main] org.apache.catalina.core.StandardService.startInternal Starting service [Catalina]
18-May-2022 22:57:09.465 INFO [main] org.apache.catalina.core.StandardEngine.startInternal Starting Servlet engine: [Apache Tomcat/8.5.78]
18-May-2022 22:57:09.524 INFO [jspsvr-startStop-1] org.apache.catalina.startup.HostConfig.deployWAR Deploying web application archive [/home/tomcat/apache-tomcat-8.5.78/webapps/warDeploy.war]
18-May-2022 22:57:09.827 INFO [jspsvr-startStop-1] org.apache.catalina.startup.HostConfig.deployWAR Deployment of web application archive [/home/tomcat/apache-tomcat-8.5.78/webapps/warDeploy.war] has finished in [299] ms
18-May-2022 22:57:09.830 INFO [jspsvr-startStop-1] org.apache.catalina.startup.HostConfig.deployDirectory Deploying web application directory [/home/tomcat/apache-tomcat-8.5.78/webapps/ROOT]
18-May-2022 22:57:09.875 INFO [jspsvr-startStop-1] org.apache.catalina.startup.HostConfig.deployDirectory Deployment of web application directory [/home/tomcat/apache-tomcat-8.5.78/webapps/ROOT] has finished in [47] ms
18-May-2022 22:57:09.876 INFO [jspsvr-startStop-1] org.apache.catalina.startup.HostConfig.deployDirectory Deploying web application directory [/home/tomcat/apache-tomcat-8.5.78/webapps/docs]
18-May-2022 22:57:09.969 INFO [jspsvr-startStop-1] org.apache.catalina.startup.HostConfig.deployDirectory Deployment of web application directory [/home/tomcat/apache-tomcat-8.5.78/webapps/docs] has finished in [93] ms
18-May-2022 22:57:09.969 INFO [jspsvr-startStop-1] org.apache.catalina.startup.HostConfig.deployDirectory Deploying web application directory [/home/tomcat/apache-tomcat-8.5.78/webapps/examples]
18-May-2022 22:57:10.267 INFO [jspsvr-startStop-1] org.apache.catalina.core.ApplicationContext.log ContextListener: contextInitialized()
18-May-2022 22:57:10.268 INFO [jspsvr-startStop-1] org.apache.catalina.core.ApplicationContext.log SessionListener: contextInitialized()
18-May-2022 22:57:10.269 INFO [jspsvr-startStop-1] org.apache.catalina.core.ApplicationContext.log ContextListener: attributeAdded('StockTicker', 'async.Stockticker@502bb41d')
18-May-2022 22:57:10.280 INFO [jspsvr-startStop-1] org.apache.catalina.startup.HostConfig.deployDirectory Deployment of web application directory [/home/tomcat/apache-tomcat-8.5.78/webapps/examples] has finished in [311] ms
18-May-2022 22:57:10.280 INFO [jspsvr-startStop-1] org.apache.catalina.startup.HostConfig.deployDirectory Deploying web application directory [/home/tomcat/apache-tomcat-8.5.78/webapps/host-manager]
18-May-2022 22:57:10.319 INFO [jspsvr-startStop-1] org.apache.catalina.startup.HostConfig.deployDirectory Deployment of web application directory [/home/tomcat/apache-tomcat-8.5.78/webapps/host-manager] has finished in [39] ms
18-May-2022 22:57:10.319 INFO [jspsvr-startStop-1] org.apache.catalina.startup.HostConfig.deployDirectory Deploying web application directory [/home/tomcat/apache-tomcat-8.5.78/webapps/manager]
18-May-2022 22:57:10.337 INFO [jspsvr-startStop-1] org.apache.catalina.startup.HostConfig.deployDirectory Deployment of web application directory [/home/tomcat/apache-tomcat-8.5.78/webapps/manager] has finished in [18] ms
18-May-2022 22:57:10.337 INFO [jspsvr-startStop-1] org.apache.catalina.startup.HostConfig.deployDirectory Deploying web application directory [/home/tomcat/apache-tomcat-8.5.78/webapps/src]
18-May-2022 22:57:10.350 INFO [jspsvr-startStop-1] org.apache.catalina.startup.HostConfig.deployDirectory Deployment of web application directory [/home/tomcat/apache-tomcat-8.5.78/webapps/src] has finished in [13] ms
18-May-2022 22:57:10.353 INFO [main] org.apache.coyote.AbstractProtocol.start Starting ProtocolHandler ["http-nio-8080"]
18-May-2022 22:57:10.392 INFO [main] org.apache.catalina.startup.Catalina.start Server startup in 1043 ms
